<?xml version="1.0" encoding="UTF-8"?>
<!-- Generated by org.testng.reporters.JUnitReportReporter -->
<testsuite hostname="NLAMSHQ3975204L" failures="0" tests="3" name="ServicesApiTest" time="3.470" errors="0" timestamp="2020-12-03T15:25:18 CET" skipped="0">
  <testcase classname="ServicesApiTest" name="getServices_SortByNameAscending_ShouldReturnSortedResults" time="0.270"/>
  <system-out/>
  <testcase classname="ServicesApiTest" name="createService_checkId_ShouldReturnService" time="3.080"/>
  <system-out/>
  <testcase classname="ServicesApiTest" name="getServices_DefaultLimit_ShouldReturn10Results" time="0.120"/>
  <system-out/>
</testsuite> <!-- ServicesApiTest -->
