<?xml version="1.0" encoding="UTF-8"?>
<testsuite name="petclinic.ShopTest" tests="3" skipped="0" failures="0" errors="0" timestamp="2021-03-03T14:19:30" hostname="DESKTOP-1T8LT2I" time="9.265">
  <properties/>
  <testcase name="deleteProduct()" classname="petclinic.ShopTest" time="7.291">
    <system-out><![CDATA[19:49:32.429 - [ShopAPIClient] INFO  : Initiated online_Shop_Controller.ShopAPIClient instance
19:49:32.461 - [ApiCaller] INFO  : Request:
Request URI:	http://petclinicapi.e46708b92c054086909b.eastus.aksapp.io/petclinic/api/shop/clearcart/
Body:			<none>
19:49:36.708 - [ApiCaller] INFO  : Response:
HTTP/1.1 200 
Cart empty.
]]></system-out>
    <system-err><![CDATA[]]></system-err>
  </testcase>
  <testcase name="getProducts_statuscode()" classname="petclinic.ShopTest" time="0.565">
    <system-out><![CDATA[19:49:38.241 - [ShopAPIClient] INFO  : Initiated online_Shop_Controller.ShopAPIClient instance
19:49:38.245 - [ApiCaller] INFO  : Request:
Request URI:	http://petclinicapi.e46708b92c054086909b.eastus.aksapp.io/petclinic/api/shop/ordersummary
Body:			<none>
19:49:38.753 - [ApiCaller] INFO  : Response:
HTTP/1.1 200 
{"cart":[],"totalAmount":0}
]]></system-out>
    <system-err><![CDATA[]]></system-err>
  </testcase>
  <testcase name="createProduct()" classname="petclinic.ShopTest" time="1.399">
    <system-out><![CDATA[19:49:38.809 - [ShopAPIClient] INFO  : Initiated online_Shop_Controller.ShopAPIClient instance
19:49:39.323 - [ApiCaller] INFO  : Request:
Request URI:	http://petclinicapi.e46708b92c054086909b.eastus.aksapp.io/petclinic/api/shop/addtocart
Body:
{"name":"Tejasvi b","currency":"INR","id":"89","amount":"206","totalAmount":0.0}
19:49:39.842 - [ApiCaller] INFO  : Response:
HTTP/1.1 200 
{"id":89,"name":"Tejasvi b","amount":206,"quantity":1,"currency":"INR"}
]]></system-out>
    <system-err><![CDATA[]]></system-err>
  </testcase>
  <system-out><![CDATA[]]></system-out>
  <system-err><![CDATA[]]></system-err>
</testsuite>
